23:59:27.903125 ARP, Ethernet (len 6), IPv4 (len 4), Request who-has 192.168.10.1 tell 192.168.10.2, length 28
23:59:27.903525 ARP, Ethernet (len 6), IPv4 (len 4), Reply 192.168.10.1 is-at 0c:37:96:5f:8a:1c (oui Unknown), length 46
23:59:28.800348 IP (tos 0x0, ttl 64, id 58348, offset 0, flags [DF], proto UDP (17), length 71)
    192.168.10.2.40282 > 1.1.1.1.domain: 19158+ PTR? 1.10.168.192.in-addr.arpa. (43)
23:59:32.694619 IP (tos 0x0, ttl 64, id 58722, offset 0, flags [DF], proto UDP (17), length 67)
    192.168.10.2.59625 > 1.1.1.1.domain: 1837+ A? 2.debian.pool.ntp.org. (39)
23:59:32.694685 IP (tos 0x0, ttl 64, id 58723, offset 0, flags [DF], proto UDP (17), length 67)
    192.168.10.2.56108 > 1.1.1.1.domain: 23082+ AAAA? 2.debian.pool.ntp.org. (39)
23:59:33.805317 IP (tos 0x0, ttl 64, id 58973, offset 0, flags [DF], proto UDP (17), length 71)
    192.168.10.2.40282 > 1.1.1.1.domain: 19158+ PTR? 1.10.168.192.in-addr.arpa. (43)
23:59:37.700218 IP (tos 0x0, ttl 64, id 59897, offset 0, flags [DF], proto UDP (17), length 67)
    192.168.10.2.57086 > 1.1.1.1.domain: 24142+ A? 3.debian.pool.ntp.org. (39)
23:59:37.700331 IP (tos 0x0, ttl 64, id 59898, offset 0, flags [DF], proto UDP (17), length 67)
    192.168.10.2.47695 > 1.1.1.1.domain: 58863+ AAAA? 3.debian.pool.ntp.org. (39)
23:59:38.810803 IP (tos 0x0, ttl 64, id 60062, offset 0, flags [DF], proto UDP (17), length 71)
    192.168.10.2.58787 > 1.1.1.1.domain: 26772+ PTR? 2.10.168.192.in-addr.arpa. (43)
23:59:42.705427 IP (tos 0x0, ttl 64, id 60218, offset 0, flags [DF], proto UDP (17), length 67)
    192.168.10.2.38439 > 1.1.1.1.domain: 24321+ A? 3.debian.pool.ntp.org. (39)
23:59:42.705502 IP (tos 0x0, ttl 64, id 60219, offset 0, flags [DF], proto UDP (17), length 67)
    192.168.10.2.47695 > 1.1.1.1.domain: 58863+ AAAA? 3.debian.pool.ntp.org. (39)
23:59:43.816085 IP (tos 0x0, ttl 64, id 60414, offset 0, flags [DF], proto UDP (17), length 71)
    192.168.10.2.58787 > 1.1.1.1.domain: 26772+ PTR? 2.10.168.192.in-addr.arpa. (43)
23:59:48.821692 IP (tos 0x0, ttl 64, id 60667, offset 0, flags [DF], proto UDP (17), length 66)
    192.168.10.2.55383 > 1.1.1.1.domain: 3127+ PTR? 1.1.1.1.in-addr.arpa. (38)
00:00:02.724971 IP (tos 0x0, ttl 64, id 62897, offset 0, flags [DF], proto UDP (17), length 67)
    192.168.10.2.46034 > 1.1.1.1.domain: 40421+ A? 1.debian.pool.ntp.org. (39)
00:00:02.725049 IP (tos 0x0, ttl 64, id 62898, offset 0, flags [DF], proto UDP (17), length 67)
    192.168.10.2.47034 > 1.1.1.1.domain: 62035+ AAAA? 1.debian.pool.ntp.org. (39)
00:00:07.730535 IP (tos 0x0, ttl 64, id 63125, offset 0, flags [DF], proto UDP (17), length 67)
    192.168.10.2.59591 > 1.1.1.1.domain: 3183+ A? 2.debian.pool.ntp.org. (39)
00:00:07.730645 IP (tos 0x0, ttl 64, id 63126, offset 0, flags [DF], proto UDP (17), length 67)
    192.168.10.2.57432 > 1.1.1.1.domain: 50836+ AAAA? 2.debian.pool.ntp.org. (39)
00:00:12.735643 IP (tos 0x0, ttl 64, id 63961, offset 0, flags [DF], proto UDP (17), length 67)
    192.168.10.2.59591 > 1.1.1.1.domain: 3183+ A? 2.debian.pool.ntp.org. (39)
00:00:12.735721 IP (tos 0x0, ttl 64, id 63962, offset 0, flags [DF], proto UDP (17), length 67)
    192.168.10.2.57432 > 1.1.1.1.domain: 50836+ AAAA? 2.debian.pool.ntp.org. (39)
00:00:17.741168 IP (tos 0x0, ttl 64, id 64890, offset 0, flags [DF], proto UDP (17), length 67)
    192.168.10.2.38439 > 1.1.1.1.domain: 24321+ A? 3.debian.pool.ntp.org. (39)
00:00:17.741286 IP (tos 0x0, ttl 64, id 64891, offset 0, flags [DF], proto UDP (17), length 67)
    192.168.10.2.44787 > 1.1.1.1.domain: 30837+ AAAA? 3.debian.pool.ntp.org. (39)
00:00:22.746384 IP (tos 0x0, ttl 64, id 65411, offset 0, flags [DF], proto UDP (17), length 67)
    192.168.10.2.56964 > 1.1.1.1.domain: 24576+ A? 3.debian.pool.ntp.org. (39)
00:00:22.746459 IP (tos 0x0, ttl 64, id 65412, offset 0, flags [DF], proto UDP (17), length 67)
    192.168.10.2.44787 > 1.1.1.1.domain: 30837+ AAAA? 3.debian.pool.ntp.org. (39)
00:00:27.751934 IP (tos 0x0, ttl 64, id 89, offset 0, flags [DF], proto UDP (17), length 67)
    192.168.10.2.57599 > 1.1.1.1.domain: 60527+ A? 0.debian.pool.ntp.org. (39)
00:00:27.752046 IP (tos 0x0, ttl 64, id 90, offset 0, flags [DF], proto UDP (17), length 67)
    192.168.10.2.50512 > 1.1.1.1.domain: 51557+ AAAA? 0.debian.pool.ntp.org. (39)
00:00:27.807114 ARP, Ethernet (len 6), IPv4 (len 4), Request who-has 192.168.10.1 tell 192.168.10.2, length 28
00:00:27.807515 ARP, Ethernet (len 6), IPv4 (len 4), Reply 192.168.10.1 is-at 0c:37:96:5f:8a:1c (oui Unknown), length 46
00:00:32.757153 IP (tos 0x0, ttl 64, id 472, offset 0, flags [DF], proto UDP (17), length 67)
    192.168.10.2.52087 > 1.1.1.1.domain: 3962+ A? 0.debian.pool.ntp.org. (39)
00:00:32.757228 IP (tos 0x0, ttl 64, id 473, offset 0, flags [DF], proto UDP (17), length 67)
    192.168.10.2.50512 > 1.1.1.1.domain: 51557+ AAAA? 0.debian.pool.ntp.org. (39)
00:00:37.762645 IP (tos 0x0, ttl 64, id 896, offset 0, flags [DF], proto UDP (17), length 67)
    192.168.10.2.46034 > 1.1.1.1.domain: 40421+ A? 1.debian.pool.ntp.org. (39)
00:00:37.762779 IP (tos 0x0, ttl 64, id 897, offset 0, flags [DF], proto UDP (17), length 67)
    192.168.10.2.53621 > 1.1.1.1.domain: 58893+ AAAA? 1.debian.pool.ntp.org. (39)
00:00:42.767832 IP (tos 0x0, ttl 64, id 1418, offset 0, flags [DF], proto UDP (17), length 67)
    192.168.10.2.52914 > 1.1.1.1.domain: 14279+ A? 1.debian.pool.ntp.org. (39)
00:00:42.767906 IP (tos 0x0, ttl 64, id 1419, offset 0, flags [DF], proto UDP (17), length 67)
    192.168.10.2.53621 > 1.1.1.1.domain: 58893+ AAAA? 1.debian.pool.ntp.org. (39)
00:00:47.773317 IP (tos 0x0, ttl 64, id 2608, offset 0, flags [DF], proto UDP (17), length 67)
    192.168.10.2.59591 > 1.1.1.1.domain: 3183+ A? 2.debian.pool.ntp.org. (39)
00:00:47.773444 IP (tos 0x0, ttl 64, id 2609, offset 0, flags [DF], proto UDP (17), length 67)
    192.168.10.2.45359 > 1.1.1.1.domain: 2187+ AAAA? 2.debian.pool.ntp.org. (39)
00:00:52.778503 IP (tos 0x0, ttl 64, id 3593, offset 0, flags [DF], proto UDP (17), length 67)
    192.168.10.2.37761 > 1.1.1.1.domain: 51953+ A? 2.debian.pool.ntp.org. (39)
00:00:52.778578 IP (tos 0x0, ttl 64, id 3594, offset 0, flags [DF], proto UDP (17), length 67)
    192.168.10.2.45359 > 1.1.1.1.domain: 2187+ AAAA? 2.debian.pool.ntp.org. (39)
00:00:57.784024 IP (tos 0x0, ttl 64, id 3831, offset 0, flags [DF], proto UDP (17), length 67)
    192.168.10.2.56964 > 1.1.1.1.domain: 24576+ A? 3.debian.pool.ntp.org. (39)
00:00:57.784136 IP (tos 0x0, ttl 64, id 3832, offset 0, flags [DF], proto UDP (17), length 67)
    192.168.10.2.44730 > 1.1.1.1.domain: 47806+ AAAA? 3.debian.pool.ntp.org. (39)
00:00:58.015115 ARP, Ethernet (len 6), IPv4 (len 4), Request who-has 192.168.10.1 tell 192.168.10.2, length 28
00:00:58.015595 ARP, Ethernet (len 6), IPv4 (len 4), Reply 192.168.10.1 is-at 0c:37:96:5f:8a:1c (oui Unknown), length 46
00:01:02.789183 IP (tos 0x0, ttl 64, id 4937, offset 0, flags [DF], proto UDP (17), length 67)
    192.168.10.2.56964 > 1.1.1.1.domain: 24576+ A? 3.debian.pool.ntp.org. (39)
00:01:02.789289 IP (tos 0x0, ttl 64, id 4938, offset 0, flags [DF], proto UDP (17), length 67)
    192.168.10.2.44730 > 1.1.1.1.domain: 47806+ AAAA? 3.debian.pool.ntp.org. (39)
00:01:07.794722 IP (tos 0x0, ttl 64, id 5317, offset 0, flags [DF], proto UDP (17), length 67)
    192.168.10.2.52087 > 1.1.1.1.domain: 3962+ A? 0.debian.pool.ntp.org. (39)
00:01:07.794836 IP (tos 0x0, ttl 64, id 5318, offset 0, flags [DF], proto UDP (17), length 67)
    192.168.10.2.50005 > 1.1.1.1.domain: 44574+ AAAA? 0.debian.pool.ntp.org. (39)
00:01:12.799889 IP (tos 0x0, ttl 64, id 6202, offset 0, flags [DF], proto UDP (17), length 67)
    192.168.10.2.52087 > 1.1.1.1.domain: 3962+ A? 0.debian.pool.ntp.org. (39)
00:01:12.799996 IP (tos 0x0, ttl 64, id 6203, offset 0, flags [DF], proto UDP (17), length 67)
    192.168.10.2.50005 > 1.1.1.1.domain: 44574+ AAAA? 0.debian.pool.ntp.org. (39)
00:01:17.805457 IP (tos 0x0, ttl 64, id 6228, offset 0, flags [DF], proto UDP (17), length 67)
    192.168.10.2.52914 > 1.1.1.1.domain: 14279+ A? 1.debian.pool.ntp.org. (39)
00:01:17.805571 IP (tos 0x0, ttl 64, id 6229, offset 0, flags [DF], proto UDP (17), length 67)
    192.168.10.2.37014 > 1.1.1.1.domain: 2503+ AAAA? 1.debian.pool.ntp.org. (39)
00:01:22.810598 IP (tos 0x0, ttl 64, id 6374, offset 0, flags [DF], proto UDP (17), length 67)
    192.168.10.2.52914 > 1.1.1.1.domain: 14279+ A? 1.debian.pool.ntp.org. (39)
00:01:22.810704 IP (tos 0x0, ttl 64, id 6375, offset 0, flags [DF], proto UDP (17), length 67)
    192.168.10.2.37014 > 1.1.1.1.domain: 2503+ AAAA? 1.debian.pool.ntp.org. (39)
00:01:27.816157 IP (tos 0x0, ttl 64, id 7041, offset 0, flags [DF], proto UDP (17), length 67)
    192.168.10.2.37761 > 1.1.1.1.domain: 51953+ A? 2.debian.pool.ntp.org. (39)
00:01:27.816271 IP (tos 0x0, ttl 64, id 7042, offset 0, flags [DF], proto UDP (17), length 67)
    192.168.10.2.57463 > 1.1.1.1.domain: 31574+ AAAA? 2.debian.pool.ntp.org. (39)
00:01:27.967114 ARP, Ethernet (len 6), IPv4 (len 4), Request who-has 192.168.10.1 tell 192.168.10.2, length 28
00:01:27.967573 ARP, Ethernet (len 6), IPv4 (len 4), Reply 192.168.10.1 is-at 0c:37:96:5f:8a:1c (oui Unknown), length 46
00:01:32.821302 IP (tos 0x0, ttl 64, id 8129, offset 0, flags [DF], proto UDP (17), length 67)
    192.168.10.2.37761 > 1.1.1.1.domain: 51953+ A? 2.debian.pool.ntp.org. (39)
00:01:32.821407 IP (tos 0x0, ttl 64, id 8130, offset 0, flags [DF], proto UDP (17), length 67)
    192.168.10.2.57463 > 1.1.1.1.domain: 31574+ AAAA? 2.debian.pool.ntp.org. (39)
00:01:37.826898 IP (tos 0x0, ttl 64, id 8513, offset 0, flags [DF], proto UDP (17), length 67)
    192.168.10.2.60727 > 1.1.1.1.domain: 40255+ A? 3.debian.pool.ntp.org. (39)
00:01:37.826985 IP (tos 0x0, ttl 64, id 8514, offset 0, flags [DF], proto UDP (17), length 67)
    192.168.10.2.40108 > 1.1.1.1.domain: 40088+ AAAA? 3.debian.pool.ntp.org. (39)

